This file contains any messages produced by compilers while
running configure, to aid debugging if configure makes a mistake.

It was created by gf-complete configure 1.0, which was
generated by GNU Autoconf 2.69.  Invocation command line was

  $ /Users/xingyys/project/C/stone-project/gf-complete/configure 

## --------- ##
## Platform. ##
## --------- ##

hostname = lackdeMacBook-Pro-3.local
uname -m = arm64
uname -r = 21.6.0
uname -s = Darwin
uname -v = Darwin Kernel Version 21.6.0: Wed Aug 10 14:28:23 PDT 2022; root:xnu-8020.141.5~2/RELEASE_ARM64_T6000

/usr/bin/uname -p = arm
/bin/uname -X     = unknown

/bin/arch              = unknown
/usr/bin/arch -k       = unknown
/usr/convex/getsysinfo = unknown
/usr/bin/hostinfo      = Mach kernel version:
	 Darwin Kernel Version 21.6.0: Wed Aug 10 14:28:23 PDT 2022; root:xnu-8020.141.5~2/RELEASE_ARM64_T6000
Kernel configured for up to 10 processors.
10 processors are physically available.
10 processors are logically available.
Processor type: arm64e (ARM64E)
Processors active: 0 1 2 3 4 5 6 7 8 9
Primary memory available: 16.00 gigabytes
Default processor set: 523 tasks, 2617 threads, 10 processors
Load average: 6.33, Mach factor: 4.36
/bin/machine           = unknown
/usr/bin/oslevel       = unknown
/bin/universe          = unknown

PATH: /opt/homebrew/Cellar/python@3.9/3.9.10/bin
PATH: /Users/xingyys/.autojump/bin
PATH: /Users/xingyys/.autojump/bin
PATH: /opt/homebrew/bin
PATH: /opt/homebrew/sbin
PATH: /usr/local/bin
PATH: /usr/bin
PATH: /bin
PATH: /usr/sbin
PATH: /sbin
PATH: /Applications/VMware Fusion Tech Preview.app/Contents/Public
PATH: /usr/local/go/bin
PATH: /Library/Apple/usr/bin
PATH: /Users/xingyys/.cargo/bin
PATH: /Users/xingyys/tool/java/apache-maven-3.6.3/bin
PATH: /Users/xingyys/project/gopath/bin
PATH: /Users/xingyys/.cargo/bin
PATH: /usr/local/sbin
PATH: /Users/xingyys/Library/Application Support/JetBrains/Toolbox/apps/CLion/ch-0/222.4345.21/CLion.app/Contents/bin/ninja/mac


## ----------- ##
## Core tests. ##
## ----------- ##

configure:2266: checking for a BSD-compatible install
configure:2334: result: /usr/bin/install -c
configure:2345: checking whether build environment is sane
configure:2400: result: yes
configure:2551: checking for a thread-safe mkdir -p
configure:2590: result: /Users/xingyys/project/C/stone-project/gf-complete/install-sh -c -d
configure:2597: checking for gawk
configure:2627: result: no
configure:2597: checking for mawk
configure:2627: result: no
configure:2597: checking for nawk
configure:2627: result: no
configure:2597: checking for awk
configure:2613: found /usr/bin/awk
configure:2624: result: awk
configure:2635: checking whether make sets $(MAKE)
configure:2657: result: yes
configure:2686: checking whether make supports nested variables
configure:2703: result: yes
configure:2858: checking build system type
configure:2872: result: arm-apple-darwin21.6.0
configure:2892: checking host system type
configure:2905: result: arm-apple-darwin21.6.0
configure:2946: checking how to print strings
configure:2973: result: printf
configure:3042: checking for gcc
configure:3058: found /usr/bin/gcc
configure:3069: result: gcc
configure:3298: checking for C compiler version
configure:3307: gcc --version >&5
Apple clang version 13.1.6 (clang-1316.0.21.2.5)
Target: arm64-apple-darwin21.6.0
Thread model: posix
InstalledDir: /Applications/Xcode.app/Contents/Developer/Toolchains/XcodeDefault.xctoolchain/usr/bin
configure:3318: $? = 0
configure:3307: gcc -v >&5
Apple clang version 13.1.6 (clang-1316.0.21.2.5)
Target: arm64-apple-darwin21.6.0
Thread model: posix
InstalledDir: /Applications/Xcode.app/Contents/Developer/Toolchains/XcodeDefault.xctoolchain/usr/bin
configure:3318: $? = 0
configure:3307: gcc -V >&5
clang: error: argument to '-V' is missing (expected 1 value)
clang: error: no input files
configure:3318: $? = 1
configure:3307: gcc -qversion >&5
clang: error: unknown argument '-qversion'; did you mean '--version'?
clang: error: no input files
configure:3318: $? = 1
configure:3338: checking whether the C compiler works
configure:3360: gcc -Wall -Wpointer-arith -O3 -g   conftest.c  >&5
configure:3364: $? = 0
configure:3412: result: yes
configure:3415: checking for C compiler default output file name
configure:3417: result: a.out
configure:3423: checking for suffix of executables
configure:3430: gcc -o conftest -Wall -Wpointer-arith -O3 -g   conftest.c  >&5
configure:3434: $? = 0
configure:3456: result: 
configure:3478: checking whether we are cross compiling
configure:3486: gcc -o conftest -Wall -Wpointer-arith -O3 -g   conftest.c  >&5
configure:3490: $? = 0
configure:3497: ./conftest
configure:3501: $? = 0
configure:3516: result: no
configure:3521: checking for suffix of object files
configure:3543: gcc -c -Wall -Wpointer-arith -O3 -g  conftest.c >&5
configure:3547: $? = 0
configure:3568: result: o
configure:3572: checking whether we are using the GNU C compiler
configure:3591: gcc -c -Wall -Wpointer-arith -O3 -g  conftest.c >&5
configure:3591: $? = 0
configure:3600: result: yes
configure:3609: checking whether gcc accepts -g
configure:3629: gcc -c -g  conftest.c >&5
configure:3629: $? = 0
configure:3670: result: yes
configure:3687: checking for gcc option to accept ISO C89
configure:3750: gcc  -c -Wall -Wpointer-arith -O3 -g  conftest.c >&5
configure:3750: $? = 0
configure:3763: result: none needed
configure:3788: checking whether gcc understands -c and -o together
configure:3810: gcc -c conftest.c -o conftest2.o
configure:3813: $? = 0
configure:3810: gcc -c conftest.c -o conftest2.o
configure:3813: $? = 0
configure:3825: result: yes
configure:3842: checking for a sed that does not truncate output
configure:3906: result: /opt/homebrew/bin/gsed
configure:3924: checking for grep that handles long lines and -e
configure:3982: result: /opt/homebrew/bin/ggrep
configure:3987: checking for egrep
configure:4049: result: /opt/homebrew/bin/ggrep -E
configure:4054: checking for fgrep
configure:4116: result: /opt/homebrew/bin/ggrep -F
configure:4151: checking for ld used by gcc
configure:4218: result: /Applications/Xcode.app/Contents/Developer/Toolchains/XcodeDefault.xctoolchain/usr/bin/ld
configure:4225: checking if the linker (/Applications/Xcode.app/Contents/Developer/Toolchains/XcodeDefault.xctoolchain/usr/bin/ld) is GNU ld
configure:4240: result: no
configure:4252: checking for BSD- or MS-compatible name lister (nm)
configure:4306: result: /usr/bin/nm -B
configure:4436: checking the name lister (/usr/bin/nm -B) interface
configure:4443: gcc -c -Wall -Wpointer-arith -O3 -g  conftest.c >&5
configure:4446: /usr/bin/nm -B "conftest.o"
configure:4449: output
0000000000000260 S _some_variable
0000000000000000 t ltmp0
0000000000000260 s ltmp1
configure:4456: result: BSD nm
configure:4459: checking whether ln -s works
configure:4463: result: yes
configure:4471: checking the maximum length of command line arguments
configure:4602: result: 786432
configure:4650: checking how to convert arm-apple-darwin21.6.0 file names to arm-apple-darwin21.6.0 format
configure:4690: result: func_convert_file_noop
configure:4697: checking how to convert arm-apple-darwin21.6.0 file names to toolchain format
configure:4717: result: func_convert_file_noop
configure:4724: checking for /Applications/Xcode.app/Contents/Developer/Toolchains/XcodeDefault.xctoolchain/usr/bin/ld option to reload object files
configure:4731: result: -r
configure:4805: checking for file
configure:4821: found /usr/bin/file
configure:4832: result: file
configure:4903: checking for objdump
configure:4919: found /usr/bin/objdump
configure:4930: result: objdump
configure:4962: checking how to recognize dependent libraries
configure:5162: result: pass_all
configure:5247: checking for dlltool
configure:5277: result: no
configure:5307: checking how to associate runtime and link libraries
configure:5334: result: printf %s\n
configure:5395: checking for ar
configure:5411: found /usr/bin/ar
configure:5422: result: ar
configure:5475: checking for archiver @FILE support
configure:5492: gcc -c -Wall -Wpointer-arith -O3 -g  conftest.c >&5
configure:5492: $? = 0
configure:5495: ar cr libconftest.a @conftest.lst >&5
ar: @conftest.lst: No such file or directory
configure:5498: $? = 1
configure:5518: result: no
configure:5576: checking for strip
configure:5592: found /usr/bin/strip
configure:5603: result: strip
configure:5675: checking for ranlib
configure:5691: found /usr/bin/ranlib
configure:5702: result: ranlib
configure:5804: checking command to parse /usr/bin/nm -B output from gcc object
configure:5957: gcc -c -Wall -Wpointer-arith -O3 -g  conftest.c >&5
configure:5960: $? = 0
configure:5964: /usr/bin/nm -B conftest.o \| /opt/homebrew/bin/gsed -n -e 's/^.*[ ]\([ABCDGIRSTW][ABCDGIRSTW]*\)[ ][ ]*\([_A-Za-z][_A-Za-z0-9]*\)$/\1 \2 \2/p' | /opt/homebrew/bin/gsed '/ __gnu_lto/d' \> conftest.nm
configure:5967: $? = 0
cannot find nm_test_var in conftest.nm
configure:5957: gcc -c -Wall -Wpointer-arith -O3 -g  conftest.c >&5
configure:5960: $? = 0
configure:5964: /usr/bin/nm -B conftest.o \| /opt/homebrew/bin/gsed -n -e 's/^.*[ ]\([ABCDGIRSTW][ABCDGIRSTW]*\)[ ][ ]*_\([_A-Za-z][_A-Za-z0-9]*\)$/\1 _\2 \2/p' | /opt/homebrew/bin/gsed '/ __gnu_lto/d' \> conftest.nm
configure:5967: $? = 0
configure:6033: gcc -o conftest -Wall -Wpointer-arith -O3 -g   conftest.c conftstm.o >&5
warning: (arm64)  could not find object file symbol for symbol _main
configure:6036: $? = 0
configure:6074: result: ok
configure:6121: checking for sysroot
configure:6151: result: no
configure:6158: checking for a working dd
configure:6196: result: /bin/dd
configure:6200: checking how to truncate binary pipes
configure:6215: result: /bin/dd bs=4096 count=1
configure:6544: checking for mt
configure:6574: result: no
configure:6594: checking if : is a manifest tool
configure:6600: : '-?'
configure:6608: result: no
configure:6664: checking for dsymutil
configure:6680: found /usr/bin/dsymutil
configure:6691: result: dsymutil
configure:6756: checking for nmedit
configure:6772: found /usr/bin/nmedit
configure:6783: result: nmedit
configure:6848: checking for lipo
configure:6864: found /usr/bin/lipo
configure:6875: result: lipo
configure:6940: checking for otool
configure:6956: found /usr/bin/otool
configure:6967: result: otool
configure:7032: checking for otool64
configure:7062: result: no
configure:7107: checking for -single_module linker flag
gcc -Wall -Wpointer-arith -O3 -g  -o libconftest.dylib -dynamiclib -Wl,-single_module conftest.c
configure:7140: result: yes
configure:7143: checking for -exported_symbols_list linker flag
configure:7163: gcc -o conftest -Wall -Wpointer-arith -O3 -g   -Wl,-exported_symbols_list,conftest.sym conftest.c  >&5
configure:7163: $? = 0
configure:7173: result: yes
configure:7176: checking for -force_load linker flag
gcc -Wall -Wpointer-arith -O3 -g -c -o conftest.o conftest.c
ar cr libconftest.a conftest.o
ranlib libconftest.a
gcc -Wall -Wpointer-arith -O3 -g  -o conftest conftest.c -Wl,-force_load,./libconftest.a
configure:7208: result: yes
configure:7280: checking how to run the C preprocessor
configure:7311: gcc -E  conftest.c
configure:7311: $? = 0
configure:7325: gcc -E  conftest.c
conftest.c:11:10: fatal error: 'ac_nonexistent.h' file not found
#include <ac_nonexistent.h>
         ^~~~~~~~~~~~~~~~~~
1 error generated.
configure:7325: $? = 1
configure: failed program was:
| /* confdefs.h */
| #define PACKAGE_NAME "gf-complete"
| #define PACKAGE_TARNAME "gf-complete"
| #define PACKAGE_VERSION "1.0"
| #define PACKAGE_STRING "gf-complete 1.0"
| #define PACKAGE_BUGREPORT ""
| #define PACKAGE_URL ""
| #define PACKAGE "gf-complete"
| #define VERSION "1.0"
| /* end confdefs.h.  */
| #include <ac_nonexistent.h>
configure:7350: result: gcc -E
configure:7370: gcc -E  conftest.c
configure:7370: $? = 0
configure:7384: gcc -E  conftest.c
conftest.c:11:10: fatal error: 'ac_nonexistent.h' file not found
#include <ac_nonexistent.h>
         ^~~~~~~~~~~~~~~~~~
1 error generated.
configure:7384: $? = 1
configure: failed program was:
| /* confdefs.h */
| #define PACKAGE_NAME "gf-complete"
| #define PACKAGE_TARNAME "gf-complete"
| #define PACKAGE_VERSION "1.0"
| #define PACKAGE_STRING "gf-complete 1.0"
| #define PACKAGE_BUGREPORT ""
| #define PACKAGE_URL ""
| #define PACKAGE "gf-complete"
| #define VERSION "1.0"
| /* end confdefs.h.  */
| #include <ac_nonexistent.h>
configure:7413: checking for ANSI C header files
configure:7433: gcc -c -Wall -Wpointer-arith -O3 -g  conftest.c >&5
configure:7433: $? = 0
configure:7506: gcc -o conftest -Wall -Wpointer-arith -O3 -g   conftest.c  >&5
configure:7506: $? = 0
configure:7506: ./conftest
configure:7506: $? = 0
configure:7517: result: yes
configure:7530: checking for sys/types.h
configure:7530: gcc -c -Wall -Wpointer-arith -O3 -g  conftest.c >&5
configure:7530: $? = 0
configure:7530: result: yes
configure:7530: checking for sys/stat.h
configure:7530: gcc -c -Wall -Wpointer-arith -O3 -g  conftest.c >&5
configure:7530: $? = 0
configure:7530: result: yes
configure:7530: checking for stdlib.h
configure:7530: gcc -c -Wall -Wpointer-arith -O3 -g  conftest.c >&5
configure:7530: $? = 0
configure:7530: result: yes
configure:7530: checking for string.h
configure:7530: gcc -c -Wall -Wpointer-arith -O3 -g  conftest.c >&5
configure:7530: $? = 0
configure:7530: result: yes
configure:7530: checking for memory.h
configure:7530: gcc -c -Wall -Wpointer-arith -O3 -g  conftest.c >&5
configure:7530: $? = 0
configure:7530: result: yes
configure:7530: checking for strings.h
configure:7530: gcc -c -Wall -Wpointer-arith -O3 -g  conftest.c >&5
configure:7530: $? = 0
configure:7530: result: yes
configure:7530: checking for inttypes.h
configure:7530: gcc -c -Wall -Wpointer-arith -O3 -g  conftest.c >&5
configure:7530: $? = 0
configure:7530: result: yes
configure:7530: checking for stdint.h
configure:7530: gcc -c -Wall -Wpointer-arith -O3 -g  conftest.c >&5
configure:7530: $? = 0
configure:7530: result: yes
configure:7530: checking for unistd.h
configure:7530: gcc -c -Wall -Wpointer-arith -O3 -g  conftest.c >&5
configure:7530: $? = 0
configure:7530: result: yes
configure:7544: checking for dlfcn.h
configure:7544: gcc -c -Wall -Wpointer-arith -O3 -g  conftest.c >&5
configure:7544: $? = 0
configure:7544: result: yes
configure:7800: checking for objdir
configure:7815: result: .libs
configure:8079: checking if gcc supports -fno-rtti -fno-exceptions
configure:8097: gcc -c -Wall -Wpointer-arith -O3 -g  -fno-rtti -fno-exceptions conftest.c >&5
configure:8101: $? = 0
configure:8114: result: yes
configure:8472: checking for gcc option to produce PIC
configure:8479: result: -fno-common -DPIC
configure:8487: checking if gcc PIC flag -fno-common -DPIC works
configure:8505: gcc -c -Wall -Wpointer-arith -O3 -g  -fno-common -DPIC -DPIC conftest.c >&5
configure:8509: $? = 0
configure:8522: result: yes
configure:8551: checking if gcc static flag -static works
configure:8579: result: no
configure:8594: checking if gcc supports -c -o file.o
configure:8615: gcc -c -Wall -Wpointer-arith -O3 -g  -o out/conftest2.o conftest.c >&5
configure:8619: $? = 0
configure:8641: result: yes
configure:8649: checking if gcc supports -c -o file.o
configure:8696: result: yes
configure:8729: checking whether the gcc linker (/Applications/Xcode.app/Contents/Developer/Toolchains/XcodeDefault.xctoolchain/usr/bin/ld) supports shared libraries
configure:9990: result: yes
configure:10230: checking dynamic linker characteristics
configure:11048: result: darwin21.6.0 dyld
configure:11170: checking how to hardcode library paths into programs
configure:11195: result: immediate
configure:11743: checking whether stripping libraries is possible
configure:11760: result: yes
configure:11794: checking if libtool supports shared libraries
configure:11796: result: yes
configure:11799: checking whether to build shared libraries
configure:11824: result: yes
configure:11827: checking whether to build static libraries
configure:11831: result: yes
configure:11876: checking whether to enable maintainer-specific portions of Makefiles
configure:11885: result: no
configure:11947: checking for gcc
configure:11974: result: gcc
configure:12203: checking for C compiler version
configure:12212: gcc --version >&5
Apple clang version 13.1.6 (clang-1316.0.21.2.5)
Target: arm64-apple-darwin21.6.0
Thread model: posix
InstalledDir: /Applications/Xcode.app/Contents/Developer/Toolchains/XcodeDefault.xctoolchain/usr/bin
configure:12223: $? = 0
configure:12212: gcc -v >&5
Apple clang version 13.1.6 (clang-1316.0.21.2.5)
Target: arm64-apple-darwin21.6.0
Thread model: posix
InstalledDir: /Applications/Xcode.app/Contents/Developer/Toolchains/XcodeDefault.xctoolchain/usr/bin
configure:12223: $? = 0
configure:12212: gcc -V >&5
clang: error: argument to '-V' is missing (expected 1 value)
clang: error: no input files
configure:12223: $? = 1
configure:12212: gcc -qversion >&5
clang: error: unknown argument '-qversion'; did you mean '--version'?
clang: error: no input files
configure:12223: $? = 1
configure:12227: checking whether we are using the GNU C compiler
configure:12255: result: yes
configure:12264: checking whether gcc accepts -g
configure:12325: result: yes
configure:12342: checking for gcc option to accept ISO C89
configure:12418: result: none needed
configure:12443: checking whether gcc understands -c and -o together
configure:12480: result: yes
configure:12502: checking for posix_memalign
configure:12502: gcc -o conftest -Wall -Wpointer-arith -O3 -g   conftest.c  >&5
configure:12502: $? = 0
configure:12502: result: yes
configure:12594: checking whether NEON is enabled
configure:12601: result: yes
configure:12604: checking whether C compiler accepts -mfpu=neon
configure:12623: gcc -c -Wall -Wpointer-arith -O3 -g  -mfpu=neon  conftest.c >&5
clang: warning: argument unused during compilation: '-mfpu=neon' [-Wunused-command-line-argument]
configure:12623: $? = 0
configure:12631: result: yes
configure:13036: checking arm_neon.h usability
configure:13036: gcc -c -Wall -Wpointer-arith -O3 -g   -mfpu=neon -DARM_NEON conftest.c >&5
clang: warning: argument unused during compilation: '-mfpu=neon' [-Wunused-command-line-argument]
configure:13036: $? = 0
configure:13036: result: yes
configure:13036: checking arm_neon.h presence
configure:13036: gcc -E   -mfpu=neon -DARM_NEON conftest.c
clang: warning: argument unused during compilation: '-mfpu=neon' [-Wunused-command-line-argument]
configure:13036: $? = 0
configure:13036: result: yes
configure:13036: checking for arm_neon.h
configure:13036: result: yes
configure:13099: checking whether C compiler accepts -mavx
configure:13118: gcc -c -Wall -Wpointer-arith -O3 -g  -mavx   -mfpu=neon -DARM_NEON conftest.c >&5
clang: warning: argument unused during compilation: '-mavx' [-Wunused-command-line-argument]
clang: warning: argument unused during compilation: '-mfpu=neon' [-Wunused-command-line-argument]
configure:13118: $? = 0
configure:13126: result: yes
configure:13255: checking that generated files are newer than configure
configure:13261: result: done
configure:13288: creating ./config.status

## ---------------------- ##
## Running config.status. ##
## ---------------------- ##

This file was extended by gf-complete config.status 1.0, which was
generated by GNU Autoconf 2.69.  Invocation command line was

  CONFIG_FILES    = 
  CONFIG_HEADERS  = 
  CONFIG_LINKS    = 
  CONFIG_COMMANDS = 
  $ ./config.status 

on lackdeMacBook-Pro-3.local

config.status:1084: creating Makefile
config.status:1084: creating src/Makefile
config.status:1084: creating tools/Makefile
config.status:1084: creating test/Makefile
config.status:1084: creating examples/Makefile
config.status:1084: creating include/config.h
config.status:1298: executing libtool commands

## ---------------- ##
## Cache variables. ##
## ---------------- ##

ac_cv_build=arm-apple-darwin21.6.0
ac_cv_c_compiler_gnu=yes
ac_cv_env_CC_set=
ac_cv_env_CC_value=
ac_cv_env_CFLAGS_set=
ac_cv_env_CFLAGS_value=
ac_cv_env_CPPFLAGS_set=
ac_cv_env_CPPFLAGS_value=
ac_cv_env_CPP_set=
ac_cv_env_CPP_value=
ac_cv_env_LDFLAGS_set=
ac_cv_env_LDFLAGS_value=
ac_cv_env_LIBS_set=
ac_cv_env_LIBS_value=
ac_cv_env_LT_SYS_LIBRARY_PATH_set=
ac_cv_env_LT_SYS_LIBRARY_PATH_value=
ac_cv_env_build_alias_set=
ac_cv_env_build_alias_value=
ac_cv_env_host_alias_set=
ac_cv_env_host_alias_value=
ac_cv_env_target_alias_set=
ac_cv_env_target_alias_value=
ac_cv_func_posix_memalign=yes
ac_cv_header_arm_neon_h=yes
ac_cv_header_dlfcn_h=yes
ac_cv_header_inttypes_h=yes
ac_cv_header_memory_h=yes
ac_cv_header_stdc=yes
ac_cv_header_stdint_h=yes
ac_cv_header_stdlib_h=yes
ac_cv_header_string_h=yes
ac_cv_header_strings_h=yes
ac_cv_header_sys_stat_h=yes
ac_cv_header_sys_types_h=yes
ac_cv_header_unistd_h=yes
ac_cv_host=arm-apple-darwin21.6.0
ac_cv_objext=o
ac_cv_path_EGREP='/opt/homebrew/bin/ggrep -E'
ac_cv_path_FGREP='/opt/homebrew/bin/ggrep -F'
ac_cv_path_GREP=/opt/homebrew/bin/ggrep
ac_cv_path_SED=/opt/homebrew/bin/gsed
ac_cv_path_install='/usr/bin/install -c'
ac_cv_path_lt_DD=/bin/dd
ac_cv_prog_AWK=awk
ac_cv_prog_CPP='gcc -E'
ac_cv_prog_ac_ct_AR=ar
ac_cv_prog_ac_ct_CC=gcc
ac_cv_prog_ac_ct_DSYMUTIL=dsymutil
ac_cv_prog_ac_ct_FILECMD=file
ac_cv_prog_ac_ct_LIPO=lipo
ac_cv_prog_ac_ct_NMEDIT=nmedit
ac_cv_prog_ac_ct_OBJDUMP=objdump
ac_cv_prog_ac_ct_OTOOL=otool
ac_cv_prog_ac_ct_RANLIB=ranlib
ac_cv_prog_ac_ct_STRIP=strip
ac_cv_prog_cc_c89=
ac_cv_prog_cc_g=yes
ac_cv_prog_make_make_set=yes
am_cv_make_support_nested_variables=yes
am_cv_prog_cc_c_o=yes
ax_cv_check_cflags___mavx=yes
ax_cv_check_cflags___mfpu_neon=yes
ax_cv_have_neon_ext=yes
ax_cv_support_avx=yes
lt_cv_apple_cc_single_mod=yes
lt_cv_ar_at_file=no
lt_cv_deplibs_check_method=pass_all
lt_cv_file_magic_cmd='$MAGIC_CMD'
lt_cv_file_magic_test_file=
lt_cv_ld_exported_symbols_list=yes
lt_cv_ld_force_load=yes
lt_cv_ld_reload_flag=-r
lt_cv_nm_interface='BSD nm'
lt_cv_objdir=.libs
lt_cv_path_LD=/Applications/Xcode.app/Contents/Developer/Toolchains/XcodeDefault.xctoolchain/usr/bin/ld
lt_cv_path_NM='/usr/bin/nm -B'
lt_cv_path_mainfest_tool=no
lt_cv_prog_compiler_c_o=yes
lt_cv_prog_compiler_pic='-fno-common -DPIC'
lt_cv_prog_compiler_pic_works=yes
lt_cv_prog_compiler_rtti_exceptions=yes
lt_cv_prog_compiler_static_works=no
lt_cv_prog_gnu_ld=no
lt_cv_sharedlib_from_linklib_cmd='printf %s\n'
lt_cv_sys_global_symbol_pipe='/opt/homebrew/bin/gsed -n -e '\''s/^.*[	 ]\([ABCDGIRSTW][ABCDGIRSTW]*\)[	 ][	 ]*_\([_A-Za-z][_A-Za-z0-9]*\)$/\1 _\2 \2/p'\'' | /opt/homebrew/bin/gsed '\''/ __gnu_lto/d'\'''
lt_cv_sys_global_symbol_to_c_name_address='/opt/homebrew/bin/gsed -n -e '\''s/^: \(.*\) .*$/  {"\1", (void *) 0},/p'\'' -e '\''s/^[ABCDGIRSTW][ABCDGIRSTW]* .* \(.*\)$/  {"\1", (void *) \&\1},/p'\'''
lt_cv_sys_global_symbol_to_c_name_address_lib_prefix='/opt/homebrew/bin/gsed -n -e '\''s/^: \(.*\) .*$/  {"\1", (void *) 0},/p'\'' -e '\''s/^[ABCDGIRSTW][ABCDGIRSTW]* .* \(lib.*\)$/  {"\1", (void *) \&\1},/p'\'' -e '\''s/^[ABCDGIRSTW][ABCDGIRSTW]* .* \(.*\)$/  {"lib\1", (void *) \&\1},/p'\'''
lt_cv_sys_global_symbol_to_cdecl='/opt/homebrew/bin/gsed -n -e '\''s/^T .* \(.*\)$/extern int \1();/p'\'' -e '\''s/^[ABCDGIRSTW][ABCDGIRSTW]* .* \(.*\)$/extern char \1;/p'\'''
lt_cv_sys_global_symbol_to_import=
lt_cv_sys_max_cmd_len=786432
lt_cv_to_host_file_cmd=func_convert_file_noop
lt_cv_to_tool_file_cmd=func_convert_file_noop
lt_cv_truncate_bin='/bin/dd bs=4096 count=1'

## ----------------- ##
## Output variables. ##
## ----------------- ##

ACLOCAL='${SHELL} /Users/xingyys/project/C/stone-project/gf-complete/missing aclocal-1.16'
AMTAR='$${TAR-tar}'
AM_BACKSLASH='\'
AM_DEFAULT_V='$(AM_DEFAULT_VERBOSITY)'
AM_DEFAULT_VERBOSITY='1'
AM_V='$(V)'
AR='ar'
AUTOCONF='${SHELL} /Users/xingyys/project/C/stone-project/gf-complete/missing autoconf'
AUTOHEADER='${SHELL} /Users/xingyys/project/C/stone-project/gf-complete/missing autoheader'
AUTOMAKE='${SHELL} /Users/xingyys/project/C/stone-project/gf-complete/missing automake-1.16'
AWK='awk'
CC='gcc'
CFLAGS='-Wall -Wpointer-arith -O3 -g'
CPP='gcc -E'
CPPFLAGS='  -mfpu=neon -DARM_NEON'
CYGPATH_W='echo'
DEFS='-DHAVE_CONFIG_H'
DLLTOOL='false'
DSYMUTIL='dsymutil'
DUMPBIN=''
ECHO_C='\c'
ECHO_N=''
ECHO_T=''
EGREP='/opt/homebrew/bin/ggrep -E'
ENABLE_VALGRIND_FALSE=''
ENABLE_VALGRIND_TRUE='#'
EXEEXT=''
FGREP='/opt/homebrew/bin/ggrep -F'
FILECMD='file'
GREP='/opt/homebrew/bin/ggrep'
HAVE_NEON_FALSE='#'
HAVE_NEON_TRUE=''
INSTALL_DATA='${INSTALL} -m 644'
INSTALL_PROGRAM='${INSTALL}'
INSTALL_SCRIPT='${INSTALL}'
INSTALL_STRIP_PROGRAM='$(install_sh) -c -s'
LD='/Applications/Xcode.app/Contents/Developer/Toolchains/XcodeDefault.xctoolchain/usr/bin/ld'
LDFLAGS=''
LIBOBJS=''
LIBS=''
LIBTOOL='$(SHELL) $(top_builddir)/libtool'
LIPO='lipo'
LN_S='ln -s'
LTLIBOBJS=''
LT_SYS_LIBRARY_PATH=''
MAINT='#'
MAINTAINER_MODE_FALSE=''
MAINTAINER_MODE_TRUE='#'
MAKEINFO='${SHELL} /Users/xingyys/project/C/stone-project/gf-complete/missing makeinfo'
MANIFEST_TOOL=':'
MKDIR_P='/Users/xingyys/project/C/stone-project/gf-complete/install-sh -c -d'
NM='/usr/bin/nm -B'
NMEDIT='nmedit'
OBJDUMP='objdump'
OBJEXT='o'
OTOOL64=':'
OTOOL='otool'
PACKAGE='gf-complete'
PACKAGE_BUGREPORT=''
PACKAGE_NAME='gf-complete'
PACKAGE_STRING='gf-complete 1.0'
PACKAGE_TARNAME='gf-complete'
PACKAGE_URL=''
PACKAGE_VERSION='1.0'
PATH_SEPARATOR=':'
RANLIB='ranlib'
SED='/opt/homebrew/bin/gsed'
SET_MAKE=''
SHELL='/bin/sh'
SIMD_FLAGS=' -mfpu=neon -DARM_NEON'
STRIP='strip'
VERSION='1.0'
ac_ct_AR='ar'
ac_ct_CC='gcc'
ac_ct_DUMPBIN=''
am__EXEEXT_FALSE=''
am__EXEEXT_TRUE='#'
am__isrc=' -I$(srcdir)'
am__leading_dot='.'
am__tar='$${TAR-tar} chof - "$$tardir"'
am__untar='$${TAR-tar} xf -'
bindir='${exec_prefix}/bin'
build='arm-apple-darwin21.6.0'
build_alias=''
build_cpu='arm'
build_os='darwin21.6.0'
build_vendor='apple'
datadir='${datarootdir}'
datarootdir='${prefix}/share'
docdir='${datarootdir}/doc/${PACKAGE_TARNAME}'
dvidir='${docdir}'
exec_prefix='${prefix}'
host='arm-apple-darwin21.6.0'
host_alias=''
host_cpu='arm'
host_os='darwin21.6.0'
host_vendor='apple'
htmldir='${docdir}'
includedir='${prefix}/include'
infodir='${datarootdir}/info'
install_sh='${SHELL} /Users/xingyys/project/C/stone-project/gf-complete/install-sh'
libdir='${exec_prefix}/lib'
libexecdir='${exec_prefix}/libexec'
localedir='${datarootdir}/locale'
localstatedir='${prefix}/var'
mandir='${datarootdir}/man'
mkdir_p='$(MKDIR_P)'
oldincludedir='/usr/include'
pdfdir='${docdir}'
prefix='/usr/local'
program_transform_name='s,x,x,'
psdir='${docdir}'
sbindir='${exec_prefix}/sbin'
sharedstatedir='${prefix}/com'
sysconfdir='${prefix}/etc'
target_alias=''

## ----------- ##
## confdefs.h. ##
## ----------- ##

/* confdefs.h */
#define PACKAGE_NAME "gf-complete"
#define PACKAGE_TARNAME "gf-complete"
#define PACKAGE_VERSION "1.0"
#define PACKAGE_STRING "gf-complete 1.0"
#define PACKAGE_BUGREPORT ""
#define PACKAGE_URL ""
#define PACKAGE "gf-complete"
#define VERSION "1.0"
#define STDC_HEADERS 1
#define HAVE_SYS_TYPES_H 1
#define HAVE_SYS_STAT_H 1
#define HAVE_STDLIB_H 1
#define HAVE_STRING_H 1
#define HAVE_MEMORY_H 1
#define HAVE_STRINGS_H 1
#define HAVE_INTTYPES_H 1
#define HAVE_STDINT_H 1
#define HAVE_UNISTD_H 1
#define HAVE_DLFCN_H 1
#define LT_OBJDIR ".libs/"
#define HAVE_POSIX_MEMALIGN 1

configure: exit 0
